<?xml version="1.0" encoding="UTF-8"?>
<!-- Generated by org.testng.reporters.JUnitXMLReporter -->
<testsuite ignored="0" hostname="LAPTOP-BDN76LE5" failures="0" tests="3" name="Default test" time="38.483" errors="0" timestamp="07 Dec 2022 10:15:40 GMT">
  <testcase classname="com.testcases.TestcasesForLogin" name="checkTitle" time="2.492"/>
  <testcase classname="com.testcases.TestcasesForLogin" name="Check_RegisterNewLink" time="16.423"/>
  <testcase classname="com.testcases.TestcasesForLogin" name="CheckValidCredentials" time="19.534"/>
</testsuite> <!-- Default test -->
