<?xml version="1.0" encoding="UTF-8"?>
<testng-results ignored="0" total="3" passed="3" failed="0" skipped="0">
  <reporter-output>
  </reporter-output>
  <suite started-at="2022-12-07T10:15:01Z" name="Default suite" finished-at="2022-12-07T10:15:40Z" duration-ms="38483">
    <groups>
    </groups>
    <test started-at="2022-12-07T10:15:01Z" name="Default test" finished-at="2022-12-07T10:15:40Z" duration-ms="38483">
      <class name="com.testcases.TestcasesForLogin">
        <test-method signature="checkTitle()[pri:0, instance:com.testcases.TestcasesForLogin@1fb19a0]" started-at="2022-12-07T10:15:01Z" name="checkTitle" finished-at="2022-12-07T10:15:04Z" duration-ms="2492" status="PASS">
          <reporter-output>
          </reporter-output>
        </test-method> <!-- checkTitle -->
        <test-method signature="Check_RegisterNewLink()[pri:0, instance:com.testcases.TestcasesForLogin@1fb19a0]" started-at="2022-12-07T10:15:04Z" name="Check_RegisterNewLink" finished-at="2022-12-07T10:15:20Z" duration-ms="16423" status="PASS">
          <reporter-output>
          </reporter-output>
        </test-method> <!-- Check_RegisterNewLink -->
        <test-method signature="CheckValidCredentials()[pri:0, instance:com.testcases.TestcasesForLogin@1fb19a0]" started-at="2022-12-07T10:15:20Z" name="CheckValidCredentials" finished-at="2022-12-07T10:15:40Z" depends-on-methods="com.testcases.TestcasesForLogin.checkTitle" duration-ms="19534" status="PASS">
          <reporter-output>
          </reporter-output>
        </test-method> <!-- CheckValidCredentials -->
      </class> <!-- com.testcases.TestcasesForLogin -->
    </test> <!-- Default test -->
  </suite> <!-- Default suite -->
</testng-results>
