<?xml version="1.0" encoding="UTF-8"?>
<!-- Generated by org.testng.reporters.JUnitXMLReporter -->
<testsuite ignored="0" hostname="LAPTOP-BDN76LE5" failures="0" tests="4" name="Test" time="37.328" errors="0" timestamp="09 Dec 2022 12:11:00 GMT">
  <testcase classname="com.testcases.TestcasesForLogin" name="checkTitle" time="1.997"/>
  <testcase classname="com.testcases.TestcasesForLogin" name="Check_RegisterNewLink" time="16.472"/>
  <testcase classname="com.testcases.TestcasesForLogin" name="CheckValidCredentials" time="18.837"/>
  <testcase classname="com.testcases.TestcasesForAddUser" name="TestD001" time="0.0"/>
</testsuite> <!-- Test -->
